build/app/intermediates/manifest_merge_blame_file/debug/manifest-merger-blame-debug-report.txt
1<?xml version="1.0" encoding="utf-8"?>
2<manifest xmlns:android="http://schemas.android.com/apk/res/android"
3    package="com.knp.fireabase_firestore_demo"
4    android:versionCode="1"
5    android:versionName="1.0.0" >
6
7    <uses-sdk
8        android:minSdkVersion="16"
9        android:targetSdkVersion="28" />
10    <!--
11         Flutter needs it to communicate with the running application
12         to allow setting breakpoints, to provide hot reload, etc.
13    -->
14    <uses-permission android:name="android.permission.INTERNET" />
14-->src/debug/AndroidManifest.xml:6:5-66
14-->src/debug/AndroidManifest.xml:6:22-64
15    <uses-permission android:name="android.permission.ACCESS_FINE_LOCATION" />
15-->src/main/AndroidManifest.xml:7:5-79
15-->src/main/AndroidManifest.xml:7:22-76
16    <uses-permission android:name="android.permission.ACCESS_COARSE_LOCATION" /> <!-- Although the *SdkVersion is captured in gradle build files, this is required for non gradle builds -->
16-->[:location] AndroidManifest.xml:7:5-81
16-->[:location] AndroidManifest.xml:7:22-78
17    <!-- <uses-sdk android:minSdkVersion="14"/> -->
18    <uses-permission android:name="android.permission.ACCESS_NETWORK_STATE" />
18-->[com.google.firebase:firebase-storage:17.0.0] AndroidManifest.xml:26:5-79
18-->[com.google.firebase:firebase-storage:17.0.0] AndroidManifest.xml:26:22-76
19    <uses-permission android:name="android.permission.WAKE_LOCK" /> <!-- Required by older versions of Google Play services to create IID tokens -->
19-->[com.google.android.gms:play-services-measurement-api:16.5.0] AndroidManifest.xml:24:5-68
19-->[com.google.android.gms:play-services-measurement-api:16.5.0] AndroidManifest.xml:24:22-65
20    <uses-permission android:name="com.google.android.c2dm.permission.RECEIVE" />
20-->[com.google.firebase:firebase-iid:17.1.2] AndroidManifest.xml:26:5-82
20-->[com.google.firebase:firebase-iid:17.1.2] AndroidManifest.xml:26:22-79
21
22    <uses-feature
22-->[com.google.android.gms:play-services-maps:17.0.0] AndroidManifest.xml:26:5-28:35
23        android:glEsVersion="0x00020000"
23-->[com.google.android.gms:play-services-maps:17.0.0] AndroidManifest.xml:27:9-41
24        android:required="true" />
24-->[com.google.android.gms:play-services-maps:17.0.0] AndroidManifest.xml:28:9-32
25
26    <uses-permission android:name="com.google.android.finsky.permission.BIND_GET_INSTALL_REFERRER_SERVICE" />
26-->[com.google.android.gms:play-services-measurement:16.5.0] AndroidManifest.xml:26:5-110
26-->[com.google.android.gms:play-services-measurement:16.5.0] AndroidManifest.xml:26:22-107
27    <!--
28 io.flutter.app.FlutterApplication is an android.app.Application that
29         calls FlutterMain.startInitialization(this); in its onCreate method.
30         In most cases you can leave this as-is, but you if you want to provide
31         additional functionality it is fine to subclass or reimplement
32         FlutterApplication and put your custom class here.
33    -->
34    <application
34-->src/main/AndroidManifest.xml:14:5-43:19
35        android:name="io.flutter.app.FlutterApplication"
35-->src/main/AndroidManifest.xml:15:9-57
36        android:appComponentFactory="androidx.core.app.CoreComponentFactory"
36-->[androidx.core:core:1.0.0] AndroidManifest.xml:22:18-86
37        android:debuggable="true"
38        android:icon="@mipmap/ic_launcher"
38-->src/main/AndroidManifest.xml:16:9-43
39        android:label="Flutter Modules" >
39-->src/main/AndroidManifest.xml:17:9-40
40        <meta-data
40-->src/main/AndroidManifest.xml:20:9-22:71
41            android:name="com.google.android.geo.API_KEY"
41-->src/main/AndroidManifest.xml:21:13-58
42            android:value="AIzaSyASw_MMERrnweLqvPu3jMvXbsSdVst-HDo" />
42-->src/main/AndroidManifest.xml:22:13-68
43
44        <activity
44-->src/main/AndroidManifest.xml:24:9-42:20
45            android:name="com.knp.fireabase_firestore_demo.MainActivity"
45-->src/main/AndroidManifest.xml:25:13-41
46            android:configChanges="orientation|keyboardHidden|keyboard|screenSize|locale|layoutDirection|fontScale|screenLayout|density|uiMode"
46-->src/main/AndroidManifest.xml:26:13-144
47            android:hardwareAccelerated="true"
47-->src/main/AndroidManifest.xml:27:13-47
48            android:launchMode="singleTop"
48-->src/main/AndroidManifest.xml:28:13-43
49            android:theme="@style/LaunchTheme"
49-->src/main/AndroidManifest.xml:29:13-47
50            android:windowSoftInputMode="adjustResize" >
50-->src/main/AndroidManifest.xml:30:13-55
51
52            <!--
53                 This keeps the window background of the activity showing
54                 until Flutter renders its first frame. It can be removed if
55                 there is no splash screen (such as the default splash screen
56                 defined in @style/LaunchTheme).
57            -->
58            <meta-data
58-->src/main/AndroidManifest.xml:35:13-37:40
59                android:name="io.flutter.app.android.SplashScreenUntilFirstFrame"
59-->src/main/AndroidManifest.xml:36:17-82
60                android:value="true" />
60-->src/main/AndroidManifest.xml:37:17-37
61
62            <intent-filter>
62-->src/main/AndroidManifest.xml:38:13-41:29
63                <action android:name="android.intent.action.MAIN" />
63-->src/main/AndroidManifest.xml:39:17-69
63-->src/main/AndroidManifest.xml:39:25-66
64
65                <category android:name="android.intent.category.LAUNCHER" />
65-->src/main/AndroidManifest.xml:40:17-77
65-->src/main/AndroidManifest.xml:40:27-74
66            </intent-filter>
67        </activity>
68
69        <service
69-->[:firebase_storage] AndroidManifest.xml:8:9-12:19
70            android:name="com.google.firebase.components.ComponentDiscoveryService"
70-->[:firebase_storage] AndroidManifest.xml:8:18-89
71            android:exported="false" >
71-->[com.google.firebase:firebase-auth:17.0.0] AndroidManifest.xml:35:13-37
72            <meta-data
72-->[:firebase_storage] AndroidManifest.xml:9:13-11:85
73                android:name="com.google.firebase.components:io.flutter.plugins.firebase.storage.FlutterFirebaseAppRegistrar"
73-->[:firebase_storage] AndroidManifest.xml:10:17-126
74                android:value="com.google.firebase.components.ComponentRegistrar" />
74-->[:firebase_storage] AndroidManifest.xml:11:17-82
75            <meta-data
75-->[:cloud_firestore] AndroidManifest.xml:9:13-11:85
76                android:name="com.google.firebase.components:io.flutter.plugins.firebase.cloudfirestore.FlutterFirebaseAppRegistrar"
76-->[:cloud_firestore] AndroidManifest.xml:10:17-133
77                android:value="com.google.firebase.components.ComponentRegistrar" />
77-->[:cloud_firestore] AndroidManifest.xml:11:17-82
78            <meta-data
78-->[:firebase_core] AndroidManifest.xml:9:13-11:85
79                android:name="com.google.firebase.components:io.flutter.plugins.firebase.core.FlutterFirebaseAppRegistrar"
79-->[:firebase_core] AndroidManifest.xml:10:17-123
80                android:value="com.google.firebase.components.ComponentRegistrar" />
80-->[:firebase_core] AndroidManifest.xml:11:17-82
81            <meta-data
81-->[:firebase_auth] AndroidManifest.xml:9:13-11:85
82                android:name="com.google.firebase.components:io.flutter.plugins.firebaseauth.FlutterFirebaseAppRegistrar"
82-->[:firebase_auth] AndroidManifest.xml:10:17-122
83                android:value="com.google.firebase.components.ComponentRegistrar" />
83-->[:firebase_auth] AndroidManifest.xml:11:17-82
84            <meta-data
84-->[com.google.firebase:firebase-storage:17.0.0] AndroidManifest.xml:31:13-33:85
85                android:name="com.google.firebase.components:com.google.firebase.storage.StorageRegistrar"
85-->[com.google.firebase:firebase-storage:17.0.0] AndroidManifest.xml:32:17-107
86                android:value="com.google.firebase.components.ComponentRegistrar" />
86-->[com.google.firebase:firebase-storage:17.0.0] AndroidManifest.xml:33:17-82
87            <meta-data
87-->[com.google.firebase:firebase-firestore:19.0.0] AndroidManifest.xml:18:13-20:85
88                android:name="com.google.firebase.components:com.google.firebase.firestore.FirestoreRegistrar"
88-->[com.google.firebase:firebase-firestore:19.0.0] AndroidManifest.xml:19:17-111
89                android:value="com.google.firebase.components.ComponentRegistrar" />
89-->[com.google.firebase:firebase-firestore:19.0.0] AndroidManifest.xml:20:17-82
90            <meta-data
90-->[com.google.firebase:firebase-auth:17.0.0] AndroidManifest.xml:36:13-38:85
91                android:name="com.google.firebase.components:com.google.firebase.auth.FirebaseAuthRegistrar"
91-->[com.google.firebase:firebase-auth:17.0.0] AndroidManifest.xml:37:17-109
92                android:value="com.google.firebase.components.ComponentRegistrar" />
92-->[com.google.firebase:firebase-auth:17.0.0] AndroidManifest.xml:38:17-82
93            <meta-data
93-->[com.google.android.gms:play-services-measurement-api:16.5.0] AndroidManifest.xml:30:13-32:85
94                android:name="com.google.firebase.components:com.google.firebase.analytics.connector.internal.AnalyticsConnectorRegistrar"
94-->[com.google.android.gms:play-services-measurement-api:16.5.0] AndroidManifest.xml:31:17-139
95                android:value="com.google.firebase.components.ComponentRegistrar" />
95-->[com.google.android.gms:play-services-measurement-api:16.5.0] AndroidManifest.xml:32:17-82
96            <meta-data
96-->[com.google.firebase:firebase-iid:17.1.2] AndroidManifest.xml:32:13-34:85
97                android:name="com.google.firebase.components:com.google.firebase.iid.Registrar"
97-->[com.google.firebase:firebase-iid:17.1.2] AndroidManifest.xml:33:17-96
98                android:value="com.google.firebase.components.ComponentRegistrar" />
98-->[com.google.firebase:firebase-iid:17.1.2] AndroidManifest.xml:34:17-82
99        </service>
100
101        <provider
101-->[:flutter_webview_plugin] AndroidManifest.xml:9:9-18:20
102            android:name="androidx.core.content.FileProvider"
102-->[:flutter_webview_plugin] AndroidManifest.xml:10:13-62
103            android:authorities="com.knp.fireabase_firestore_demo.fileprovider"
103-->[:flutter_webview_plugin] AndroidManifest.xml:11:13-64
104            android:exported="false"
104-->[:flutter_webview_plugin] AndroidManifest.xml:12:13-37
105            android:grantUriPermissions="true" >
105-->[:flutter_webview_plugin] AndroidManifest.xml:13:13-47
106            <meta-data
106-->[:flutter_webview_plugin] AndroidManifest.xml:15:13-17:53
107                android:name="android.support.FILE_PROVIDER_PATHS"
107-->[:flutter_webview_plugin] AndroidManifest.xml:16:17-67
108                android:resource="@xml/filepaths" />
108-->[:flutter_webview_plugin] AndroidManifest.xml:17:17-50
109        </provider>
110
111        <activity
111-->[com.google.firebase:firebase-auth:17.0.0] AndroidManifest.xml:24:9-31:50
112            android:name="com.google.firebase.auth.internal.FederatedSignInActivity"
112-->[com.google.firebase:firebase-auth:17.0.0] AndroidManifest.xml:25:13-85
113            android:excludeFromRecents="true"
113-->[com.google.firebase:firebase-auth:17.0.0] AndroidManifest.xml:26:13-46
114            android:exported="true"
114-->[com.google.firebase:firebase-auth:17.0.0] AndroidManifest.xml:27:13-36
115            android:launchMode="singleTask"
115-->[com.google.firebase:firebase-auth:17.0.0] AndroidManifest.xml:28:13-44
116            android:permission="com.google.firebase.auth.api.gms.permission.LAUNCH_FEDERATED_SIGN_IN"
116-->[com.google.firebase:firebase-auth:17.0.0] AndroidManifest.xml:29:13-102
117            android:theme="@android:style/Theme.Translucent.NoTitleBar" />
117-->[com.google.firebase:firebase-auth:17.0.0] AndroidManifest.xml:30:13-72
118
119        <receiver
119-->[com.google.firebase:firebase-iid:17.1.2] AndroidManifest.xml:37:9-44:20
120            android:name="com.google.firebase.iid.FirebaseInstanceIdReceiver"
120-->[com.google.firebase:firebase-iid:17.1.2] AndroidManifest.xml:38:13-78
121            android:exported="true"
121-->[com.google.firebase:firebase-iid:17.1.2] AndroidManifest.xml:39:13-36
122            android:permission="com.google.android.c2dm.permission.SEND" >
122-->[com.google.firebase:firebase-iid:17.1.2] AndroidManifest.xml:40:13-73
123            <intent-filter>
123-->[com.google.firebase:firebase-iid:17.1.2] AndroidManifest.xml:41:13-43:29
124                <action android:name="com.google.android.c2dm.intent.RECEIVE" />
124-->[com.google.firebase:firebase-iid:17.1.2] AndroidManifest.xml:42:17-81
124-->[com.google.firebase:firebase-iid:17.1.2] AndroidManifest.xml:42:25-78
125            </intent-filter>
126        </receiver>
127        <!--
128             FirebaseInstanceIdService performs security checks at runtime,
129             no need for explicit permissions despite exported="true"
130        -->
131        <service
131-->[com.google.firebase:firebase-iid:17.1.2] AndroidManifest.xml:50:9-56:19
132            android:name="com.google.firebase.iid.FirebaseInstanceIdService"
132-->[com.google.firebase:firebase-iid:17.1.2] AndroidManifest.xml:51:13-77
133            android:exported="true" >
133-->[com.google.firebase:firebase-iid:17.1.2] AndroidManifest.xml:52:13-36
134            <intent-filter android:priority="-500" >
134-->[com.google.firebase:firebase-iid:17.1.2] AndroidManifest.xml:53:13-55:29
134-->[com.google.firebase:firebase-iid:17.1.2] AndroidManifest.xml:53:28-51
135                <action android:name="com.google.firebase.INSTANCE_ID_EVENT" />
135-->[com.google.firebase:firebase-iid:17.1.2] AndroidManifest.xml:54:17-80
135-->[com.google.firebase:firebase-iid:17.1.2] AndroidManifest.xml:54:25-77
136            </intent-filter>
137        </service>
138
139        <provider
139-->[com.google.firebase:firebase-common:17.0.0] AndroidManifest.xml:12:9-16:39
140            android:name="com.google.firebase.provider.FirebaseInitProvider"
140-->[com.google.firebase:firebase-common:17.0.0] AndroidManifest.xml:13:13-77
141            android:authorities="com.knp.fireabase_firestore_demo.firebaseinitprovider"
141-->[com.google.firebase:firebase-common:17.0.0] AndroidManifest.xml:14:13-72
142            android:exported="false"
142-->[com.google.firebase:firebase-common:17.0.0] AndroidManifest.xml:15:13-37
143            android:initOrder="100" /> <!-- Needs to be explicitly declared on P+ -->
143-->[com.google.firebase:firebase-common:17.0.0] AndroidManifest.xml:16:13-36
144        <uses-library
144-->[com.google.android.gms:play-services-maps:17.0.0] AndroidManifest.xml:33:9-35:40
145            android:name="org.apache.http.legacy"
145-->[com.google.android.gms:play-services-maps:17.0.0] AndroidManifest.xml:34:13-50
146            android:required="false" />
146-->[com.google.android.gms:play-services-maps:17.0.0] AndroidManifest.xml:35:13-37
147
148        <activity
148-->[com.google.android.gms:play-services-base:17.0.0] AndroidManifest.xml:23:9-26:75
149            android:name="com.google.android.gms.common.api.GoogleApiActivity"
149-->[com.google.android.gms:play-services-base:17.0.0] AndroidManifest.xml:24:13-79
150            android:exported="false"
150-->[com.google.android.gms:play-services-base:17.0.0] AndroidManifest.xml:25:13-37
151            android:theme="@android:style/Theme.Translucent.NoTitleBar" />
151-->[com.google.android.gms:play-services-base:17.0.0] AndroidManifest.xml:26:13-72
152
153        <receiver
153-->[com.google.android.gms:play-services-measurement:16.5.0] AndroidManifest.xml:29:9-33:20
154            android:name="com.google.android.gms.measurement.AppMeasurementReceiver"
154-->[com.google.android.gms:play-services-measurement:16.5.0] AndroidManifest.xml:30:13-85
155            android:enabled="true"
155-->[com.google.android.gms:play-services-measurement:16.5.0] AndroidManifest.xml:31:13-35
156            android:exported="false" >
156-->[com.google.android.gms:play-services-measurement:16.5.0] AndroidManifest.xml:32:13-37
157        </receiver>
158        <receiver
158-->[com.google.android.gms:play-services-measurement:16.5.0] AndroidManifest.xml:34:9-42:20
159            android:name="com.google.android.gms.measurement.AppMeasurementInstallReferrerReceiver"
159-->[com.google.android.gms:play-services-measurement:16.5.0] AndroidManifest.xml:35:13-100
160            android:enabled="true"
160-->[com.google.android.gms:play-services-measurement:16.5.0] AndroidManifest.xml:36:13-35
161            android:exported="true"
161-->[com.google.android.gms:play-services-measurement:16.5.0] AndroidManifest.xml:37:13-36
162            android:permission="android.permission.INSTALL_PACKAGES" >
162-->[com.google.android.gms:play-services-measurement:16.5.0] AndroidManifest.xml:38:13-69
163            <intent-filter>
163-->[com.google.android.gms:play-services-measurement:16.5.0] AndroidManifest.xml:39:13-41:29
164                <action android:name="com.android.vending.INSTALL_REFERRER" />
164-->[com.google.android.gms:play-services-measurement:16.5.0] AndroidManifest.xml:40:17-79
164-->[com.google.android.gms:play-services-measurement:16.5.0] AndroidManifest.xml:40:25-76
165            </intent-filter>
166        </receiver>
167
168        <service
168-->[com.google.android.gms:play-services-measurement:16.5.0] AndroidManifest.xml:44:9-47:40
169            android:name="com.google.android.gms.measurement.AppMeasurementService"
169-->[com.google.android.gms:play-services-measurement:16.5.0] AndroidManifest.xml:45:13-84
170            android:enabled="true"
170-->[com.google.android.gms:play-services-measurement:16.5.0] AndroidManifest.xml:46:13-35
171            android:exported="false" />
171-->[com.google.android.gms:play-services-measurement:16.5.0] AndroidManifest.xml:47:13-37
172        <service
172-->[com.google.android.gms:play-services-measurement:16.5.0] AndroidManifest.xml:48:9-52:72
173            android:name="com.google.android.gms.measurement.AppMeasurementJobService"
173-->[com.google.android.gms:play-services-measurement:16.5.0] AndroidManifest.xml:49:13-87
174            android:enabled="true"
174-->[com.google.android.gms:play-services-measurement:16.5.0] AndroidManifest.xml:50:13-35
175            android:exported="false"
175-->[com.google.android.gms:play-services-measurement:16.5.0] AndroidManifest.xml:51:13-37
176            android:permission="android.permission.BIND_JOB_SERVICE" />
176-->[com.google.android.gms:play-services-measurement:16.5.0] AndroidManifest.xml:52:13-69
177
178        <meta-data
178-->[com.google.android.gms:play-services-basement:17.0.0] AndroidManifest.xml:23:9-25:69
179            android:name="com.google.android.gms.version"
179-->[com.google.android.gms:play-services-basement:17.0.0] AndroidManifest.xml:24:13-58
180            android:value="@integer/google_play_services_version" />
180-->[com.google.android.gms:play-services-basement:17.0.0] AndroidManifest.xml:25:13-66
181    </application>
182
183</manifest>